❯ Building...
✔ Building...
Initial chunk files | Names         |  Raw size | Estimated transfer size
main-3EMGVZ5D.js    | main          | 367.22 kB |                95.14 kB
styles-QAZI5YS5.css | styles        | 227.86 kB |                22.99 kB

                    | Initial total | 595.08 kB |               118.13 kB

Application bundle generation complete. [1.316 seconds] - 2025-12-26T18:58:17.832Z

[33m▲ [43;33m[[43;30mWARNING[43;33m][0m [1mDeprecation[0m [1m[35m[plugin angular-sass][0m

    node_modules/bootstrap/scss/_functions.scss:11:29:
[37m      11 │     @if $prev-num == null or [32m[37munit($num) == "%" or unit($prev-num) ...
         ╵                              [32m^[0m


  Global built-in functions are deprecated and will be removed in Dart Sass 3.0.0.
  Use math.unit instead.
  
  More info and automated migrator: [4mhttps://sass-lang.com/d/import[0m

  The plugin "angular-sass" was triggered by this import

    angular:styles/global:styles:1:8:
[37m      1 │ @import [32m'node_modules/bootstrap/scss/bootstrap.scss'[37m;
        ╵         [32m~~~~~~~~~~~~~~~~~~~~~~~~~~~~~~~~~~~~~~~~~~~~[0m


[33m▲ [43;33m[[43;30mWARNING[43;33m][0m [1mDeprecation[0m [1m[35m[plugin angular-sass][0m

    node_modules/bootstrap/scss/_functions.scss:11:50:
[37m      11 │ ...$prev-num == null or unit($num) == "%" or [32m[37munit($prev-num) == "%" {
         ╵                                              [32m^[0m


  Global built-in functions are deprecated and will be removed in Dart Sass 3.0.0.
  Use math.unit instead.
  
  More info and automated migrator: [4mhttps://sass-lang.com/d/import[0m

  The plugin "angular-sass" was triggered by this import

    angular:styles/global:styles:1:8:
[37m      1 │ @import [32m'node_modules/bootstrap/scss/bootstrap.scss'[37m;
        ╵         [32m~~~~~~~~~~~~~~~~~~~~~~~~~~~~~~~~~~~~~~~~~~~~[0m


[33m▲ [43;33m[[43;30mWARNING[43;33m][0m [1mDeprecation[0m [1m[35m[plugin angular-sass][0m

    node_modules/bootstrap/scss/_functions.scss:37:10:
[37m      37 │   @return [32m[37mred($value), green($value), blue($value);
         ╵           [32m^[0m


  red() is deprecated. Suggestion:
  
  color.channel($color, "red", $space: rgb)
  
  More info: [4mhttps://sass-lang.com/d/color-functions[0m

  The plugin "angular-sass" was triggered by this import

    angular:styles/global:styles:1:8:
[37m      1 │ @import [32m'node_modules/bootstrap/scss/bootstrap.scss'[37m;
        ╵         [32m~~~~~~~~~~~~~~~~~~~~~~~~~~~~~~~~~~~~~~~~~~~~[0m


[33m▲ [43;33m[[43;30mWARNING[43;33m][0m [1mDeprecation[0m [1m[35m[plugin angular-sass][0m

    node_modules/bootstrap/scss/_functions.scss:37:23:
[37m      37 │   @return red($value), [32m[37mgreen($value), blue($value);
         ╵                        [32m^[0m


  green() is deprecated. Suggestion:
  
  color.channel($color, "green", $space: rgb)
  
  More info: [4mhttps://sass-lang.com/d/color-functions[0m

  The plugin "angular-sass" was triggered by this import

    angular:styles/global:styles:1:8:
[37m      1 │ @import [32m'node_modules/bootstrap/scss/bootstrap.scss'[37m;
        ╵         [32m~~~~~~~~~~~~~~~~~~~~~~~~~~~~~~~~~~~~~~~~~~~~[0m


[33m▲ [43;33m[[43;30mWARNING[43;33m][0m [1mDeprecation[0m [1m[35m[plugin angular-sass][0m

    node_modules/bootstrap/scss/_functions.scss:185:9:
[37m      185 │     "r": [32m[37mred($color),
          ╵          [32m^[0m


  red() is deprecated. Suggestion:
  
  color.channel($color, "red", $space: rgb)
  
  More info: [4mhttps://sass-lang.com/d/color-functions[0m

  The plugin "angular-sass" was triggered by this import

    angular:styles/global:styles:1:8:
[37m      1 │ @import [32m'node_modules/bootstrap/scss/bootstrap.scss'[37m;
        ╵         [32m~~~~~~~~~~~~~~~~~~~~~~~~~~~~~~~~~~~~~~~~~~~~[0m


[33m▲ [43;33m[[43;30mWARNING[43;33m][0m [1mDeprecation[0m [1m[35m[plugin angular-sass][0m

    node_modules/bootstrap/scss/_functions.scss:186:9:
[37m      186 │     "g": [32m[37mgreen($color),
          ╵          [32m^[0m


  green() is deprecated. Suggestion:
  
  color.channel($color, "green", $space: rgb)
  
  More info: [4mhttps://sass-lang.com/d/color-functions[0m

  The plugin "angular-sass" was triggered by this import

    angular:styles/global:styles:1:8:
[37m      1 │ @import [32m'node_modules/bootstrap/scss/bootstrap.scss'[37m;
        ╵         [32m~~~~~~~~~~~~~~~~~~~~~~~~~~~~~~~~~~~~~~~~~~~~[0m


[33m▲ [43;33m[[43;30mWARNING[43;33m][0m [1mDeprecation[0m [1m[35m[plugin angular-sass][0m

    node_modules/bootstrap/scss/_functions.scss:187:9:
[37m      187 │     "b": [32m[37mblue($color)
          ╵          [32m^[0m


  blue() is deprecated. Suggestion:
  
  color.channel($color, "blue", $space: rgb)
  
  More info: [4mhttps://sass-lang.com/d/color-functions[0m

  The plugin "angular-sass" was triggered by this import

    angular:styles/global:styles:1:8:
[37m      1 │ @import [32m'node_modules/bootstrap/scss/bootstrap.scss'[37m;
        ╵         [32m~~~~~~~~~~~~~~~~~~~~~~~~~~~~~~~~~~~~~~~~~~~~[0m


[33m▲ [43;33m[[43;30mWARNING[43;33m][0m [1mDeprecation[0m [1m[35m[plugin angular-sass][0m

    node_modules/bootstrap/scss/_functions.scss:207:10:
[37m      207 │   @return [32m[37mmix(white, $color, $weight);
          ╵           [32m^[0m


  Global built-in functions are deprecated and will be removed in Dart Sass 3.0.0.
  Use color.mix instead.
  
  More info and automated migrator: [4mhttps://sass-lang.com/d/import[0m

  The plugin "angular-sass" was triggered by this import

    angular:styles/global:styles:1:8:
[37m      1 │ @import [32m'node_modules/bootstrap/scss/bootstrap.scss'[37m;
        ╵         [32m~~~~~~~~~~~~~~~~~~~~~~~~~~~~~~~~~~~~~~~~~~~~[0m


[33m▲ [43;33m[[43;30mWARNING[43;33m][0m [1mDeprecation[0m [1m[35m[plugin angular-sass][0m

    node_modules/bootstrap/scss/_functions.scss:212:10:
[37m      212 │   @return [32m[37mmix(black, $color, $weight);
          ╵           [32m^[0m


  Global built-in functions are deprecated and will be removed in Dart Sass 3.0.0.
  Use color.mix instead.
  
  More info and automated migrator: [4mhttps://sass-lang.com/d/import[0m

  The plugin "angular-sass" was triggered by this import

    angular:styles/global:styles:1:8:
[37m      1 │ @import [32m'node_modules/bootstrap/scss/bootstrap.scss'[37m;
        ╵         [32m~~~~~~~~~~~~~~~~~~~~~~~~~~~~~~~~~~~~~~~~~~~~[0m


[33m▲ [43;33m[[43;30mWARNING[43;33m][0m [1mDeprecation[0m [1m[35m[plugin angular-sass][0m

    node_modules/bootstrap/scss/_variables.scss:342:26:
[37m      342 │ $light-bg-subtle:         [32m[37mmix($gray-100, $white) !default;
          ╵                           [32m^[0m


  Global built-in functions are deprecated and will be removed in Dart Sass 3.0.0.
  Use color.mix instead.
  
  More info and automated migrator: [4mhttps://sass-lang.com/d/import[0m

  The plugin "angular-sass" was triggered by this import

    angular:styles/global:styles:1:8:
[37m      1 │ @import [32m'node_modules/bootstrap/scss/bootstrap.scss'[37m;
        ╵         [32m~~~~~~~~~~~~~~~~~~~~~~~~~~~~~~~~~~~~~~~~~~~~[0m


[33m▲ [43;33m[[43;30mWARNING[43;33m][0m [1mDeprecation[0m [1m[35m[plugin angular-sass][0m

    node_modules/bootstrap/scss/bootstrap.scss:1:8:
[37m      1 │ @import [32m[37m"mixins/banner";
        ╵         [32m^[0m


  Sass @import rules are deprecated and will be removed in Dart Sass 3.0.0.
  
  More info and automated migrator: [4mhttps://sass-lang.com/d/import[0m

  The plugin "angular-sass" was triggered by this import

    angular:styles/global:styles:1:8:
[37m      1 │ @import [32m'node_modules/bootstrap/scss/bootstrap.scss'[37m;
        ╵         [32m~~~~~~~~~~~~~~~~~~~~~~~~~~~~~~~~~~~~~~~~~~~~[0m


[33m▲ [43;33m[[43;30mWARNING[43;33m][0m [1mDeprecation[0m [1m[35m[plugin angular-sass][0m

    node_modules/bootstrap/scss/bootstrap.scss:7:8:
[37m      7 │ @import [32m[37m"functions";
        ╵         [32m^[0m


  Sass @import rules are deprecated and will be removed in Dart Sass 3.0.0.
  
  More info and automated migrator: [4mhttps://sass-lang.com/d/import[0m

  The plugin "angular-sass" was triggered by this import

    angular:styles/global:styles:1:8:
[37m      1 │ @import [32m'node_modules/bootstrap/scss/bootstrap.scss'[37m;
        ╵         [32m~~~~~~~~~~~~~~~~~~~~~~~~~~~~~~~~~~~~~~~~~~~~[0m


[33m▲ [43;33m[[43;30mWARNING[43;33m][0m [1mDeprecation[0m [1m[35m[plugin angular-sass][0m

    node_modules/bootstrap/scss/bootstrap.scss:8:8:
[37m      8 │ @import [32m[37m"variables";
        ╵         [32m^[0m


  Sass @import rules are deprecated and will be removed in Dart Sass 3.0.0.
  
  More info and automated migrator: [4mhttps://sass-lang.com/d/import[0m

  The plugin "angular-sass" was triggered by this import

    angular:styles/global:styles:1:8:
[37m      1 │ @import [32m'node_modules/bootstrap/scss/bootstrap.scss'[37m;
        ╵         [32m~~~~~~~~~~~~~~~~~~~~~~~~~~~~~~~~~~~~~~~~~~~~[0m


[33m▲ [43;33m[[43;30mWARNING[43;33m][0m [1mDeprecation[0m [1m[35m[plugin angular-sass][0m

    node_modules/bootstrap/scss/bootstrap.scss:9:8:
[37m      9 │ @import [32m[37m"variables-dark";
        ╵         [32m^[0m


  Sass @import rules are deprecated and will be removed in Dart Sass 3.0.0.
  
  More info and automated migrator: [4mhttps://sass-lang.com/d/import[0m

  The plugin "angular-sass" was triggered by this import

    angular:styles/global:styles:1:8:
[37m      1 │ @import [32m'node_modules/bootstrap/scss/bootstrap.scss'[37m;
        ╵         [32m~~~~~~~~~~~~~~~~~~~~~~~~~~~~~~~~~~~~~~~~~~~~[0m


[33m▲ [43;33m[[43;30mWARNING[43;33m][0m [1mDeprecation[0m [1m[35m[plugin angular-sass][0m

    node_modules/bootstrap/scss/bootstrap.scss:10:8:
[37m      10 │ @import [32m[37m"maps";
         ╵         [32m^[0m


  Sass @import rules are deprecated and will be removed in Dart Sass 3.0.0.
  
  More info and automated migrator: [4mhttps://sass-lang.com/d/import[0m

  The plugin "angular-sass" was triggered by this import

    angular:styles/global:styles:1:8:
[37m      1 │ @import [32m'node_modules/bootstrap/scss/bootstrap.scss'[37m;
        ╵         [32m~~~~~~~~~~~~~~~~~~~~~~~~~~~~~~~~~~~~~~~~~~~~[0m


[33m▲ [43;33m[[43;30mWARNING[43;33m][0m [1mDeprecation[0m [1m[35m[plugin angular-sass][0m

    projects/my-elements-app/src/styles.scss:4:8:
[37m      4 │ @import [32m[37m'bootstrap/scss/functions';
        ╵         [32m^[0m


  Sass @import rules are deprecated and will be removed in Dart Sass 3.0.0.
  
  More info and automated migrator: [4mhttps://sass-lang.com/d/import[0m

  The plugin "angular-sass" was triggered by this import

    angular:styles/global:styles:2:8:
[37m      2 │ @import [32m'projects/my-elements-app/src/styles.scss'[37m;
        ╵         [32m~~~~~~~~~~~~~~~~~~~~~~~~~~~~~~~~~~~~~~~~~~[0m


[33m▲ [43;33m[[43;30mWARNING[43;33m][0m [1mDeprecation[0m [1m[35m[plugin angular-sass][0m

    projects/my-elements-app/src/styles.scss:5:8:
[37m      5 │ @import [32m[37m'bootstrap/scss/variables';
        ╵         [32m^[0m


  Sass @import rules are deprecated and will be removed in Dart Sass 3.0.0.
  
  More info and automated migrator: [4mhttps://sass-lang.com/d/import[0m

  The plugin "angular-sass" was triggered by this import

    angular:styles/global:styles:2:8:
[37m      2 │ @import [32m'projects/my-elements-app/src/styles.scss'[37m;
        ╵         [32m~~~~~~~~~~~~~~~~~~~~~~~~~~~~~~~~~~~~~~~~~~[0m


[33m▲ [43;33m[[43;30mWARNING[43;33m][0m [1mDeprecation[0m [1m[35m[plugin angular-sass][0m

    projects/my-elements-app/src/styles.scss:6:8:
[37m      6 │ @import [32m[37m'bootstrap/scss/mixins';
        ╵         [32m^[0m


  Sass @import rules are deprecated and will be removed in Dart Sass 3.0.0.
  
  More info and automated migrator: [4mhttps://sass-lang.com/d/import[0m

  The plugin "angular-sass" was triggered by this import

    angular:styles/global:styles:2:8:
[37m      2 │ @import [32m'projects/my-elements-app/src/styles.scss'[37m;
        ╵         [32m~~~~~~~~~~~~~~~~~~~~~~~~~~~~~~~~~~~~~~~~~~[0m


[33m▲ [43;33m[[43;30mWARNING[43;33m][0m [1mDeprecation[0m [1m[35m[plugin angular-sass][0m

    projects/my-elements-app/src/styles.scss:12:8:
[37m      12 │ @import [32m[37m'bootstrap/scss/bootstrap';
         ╵         [32m^[0m


  Sass @import rules are deprecated and will be removed in Dart Sass 3.0.0.
  
  More info and automated migrator: [4mhttps://sass-lang.com/d/import[0m

  The plugin "angular-sass" was triggered by this import

    angular:styles/global:styles:2:8:
[37m      2 │ @import [32m'projects/my-elements-app/src/styles.scss'[37m;
        ╵         [32m~~~~~~~~~~~~~~~~~~~~~~~~~~~~~~~~~~~~~~~~~~[0m


[33m▲ [43;33m[[43;30mWARNING[43;33m][0m [1m232 repetitive deprecation warnings omitted.
Run in verbose mode to see all warnings.[0m [1m[35m[plugin angular-sass][0m

    angular:styles/global:styles:1:8:
[37m      1 │ @import [32m'node_modules/bootstrap/scss/bootstrap.scss'[37m;
        ╵         [32m~~~~~~~~~~~~~~~~~~~~~~~~~~~~~~~~~~~~~~~~~~~~[0m

  null


[33m▲ [43;33m[[43;30mWARNING[43;33m][0m [1mbundle initial exceeded maximum budget. Budget 500.00 kB was not met by 95.08 kB with a total of 595.08 kB.[0m


Output location: /Users/jam/development/geek-at-your-spot-workspace/dist/my-elements-app

